{"ts": "2026-05-01T16:10:31.942804+00:00", "level": "INFO", "logger": "trading_bot", "msg": "Logging initialised | file=logs/trading_bot.log verbose=False"}
{"ts": "2026-05-01T16:10:32.149101+00:00", "level": "DEBUG", "logger": "trading_bot.client", "msg": "BinanceClient initialised \u2014 base=https://testnet.binancefuture.com"}
{"ts": "2026-05-01T16:10:38.100815+00:00", "level": "INFO", "logger": "trading_bot.client", "msg": "\u2192 GET /fapi/v1/ticker/price | params={'symbol': 'BTCUSDT'}"}
{"ts": "2026-05-01T16:10:38.381601+00:00", "level": "INFO", "logger": "trading_bot.client", "msg": "\u2190 200 {\"symbol\":\"BTCUSDT\",\"price\":\"78493.40\",\"time\":1777651832093}"}
{"ts": "2026-05-01T16:12:29.515118+00:00", "level": "INFO", "logger": "trading_bot", "msg": "Logging initialised | file=logs/trading_bot.log verbose=False"}
{"ts": "2026-05-01T16:12:29.583033+00:00", "level": "DEBUG", "logger": "trading_bot.client", "msg": "BinanceClient initialised \u2014 base=https://testnet.binancefuture.com"}
{"ts": "2026-05-01T16:12:39.952909+00:00", "level": "INFO", "logger": "trading_bot.client", "msg": "\u2192 GET /fapi/v1/ticker/price | params={'symbol': 'BTCUSDT'}"}
{"ts": "2026-05-01T16:12:40.176683+00:00", "level": "INFO", "logger": "trading_bot.client", "msg": "\u2190 200 {\"symbol\":\"BTCUSDT\",\"price\":\"78446.10\",\"time\":1777651954051}"}
{"ts": "2026-05-01T16:15:42.157692+00:00", "level": "INFO", "logger": "trading_bot.client", "msg": "\u2192 GET /fapi/v1/ticker/price | params={'symbol': 'BTCUSDT'}"}
{"ts": "2026-05-01T16:15:42.394960+00:00", "level": "INFO", "logger": "trading_bot.client", "msg": "\u2190 200 {\"symbol\":\"BTCUSDT\",\"price\":\"78357.30\",\"time\":1777652136356}"}
{"ts": "2026-05-01T16:16:04.210684+00:00", "level": "INFO", "logger": "trading_bot", "msg": "Logging initialised | file=logs/trading_bot.log verbose=False"}
{"ts": "2026-05-01T16:16:04.272806+00:00", "level": "DEBUG", "logger": "trading_bot.client", "msg": "BinanceClient initialised \u2014 base=https://testnet.binancefuture.com"}
{"ts": "2026-05-01T16:16:08.030207+00:00", "level": "INFO", "logger": "trading_bot.client", "msg": "\u2192 GET /fapi/v1/ticker/price | params={'symbol': 'ETHUSDT'}"}
{"ts": "2026-05-01T16:16:08.284175+00:00", "level": "INFO", "logger": "trading_bot.client", "msg": "\u2190 200 {\"symbol\":\"ETHUSDT\",\"price\":\"2303.43\",\"time\":1777652165934}"}
{"ts": "2026-05-01T16:16:15.150172+00:00", "level": "INFO", "logger": "trading_bot.client", "msg": "\u2192 GET /fapi/v1/ticker/price | params={'symbol': 'ETHUSDT'}"}
{"ts": "2026-05-01T16:16:15.434423+00:00", "level": "INFO", "logger": "trading_bot.client", "msg": "\u2190 200 {\"symbol\":\"ETHUSDT\",\"price\":\"2303.42\",\"time\":1777652171931}"}
{"ts": "2026-05-01T16:18:50.909143+00:00", "level": "INFO", "logger": "trading_bot.orders", "msg": "Placing BUY STOP_MARKET order | symbol=ETHUSDT qty=0.001 price=MARKET"}
{"ts": "2026-05-01T16:18:50.909558+00:00", "level": "INFO", "logger": "trading_bot.client", "msg": "\u2192 POST /fapi/v1/order | params={'symbol': 'ETHUSDT', 'side': 'BUY', 'type': 'STOP_MARKET', 'quantity': '0.001', 'stopPrice': '2300', 'recvWindow': 5000, 'timestamp': 1777652330909, 'signature': '8ca36c140a50898cb9b35e921402c0da5712af2aa7346c063d439e58bac2e45a'}"}
{"ts": "2026-05-01T16:18:51.143986+00:00", "level": "INFO", "logger": "trading_bot.client", "msg": "\u2190 400 {\"code\":-4120,\"msg\":\"Order type not supported for this endpoint. Please use the Algo Order API endpoints instead.\"}"}
{"ts": "2026-05-01T16:18:51.144222+00:00", "level": "ERROR", "logger": "trading_bot.orders", "msg": "API error placing order: Binance API error -4120: Order type not supported for this endpoint. Please use the Algo Order API endpoints instead."}
{"ts": "2026-05-01T16:23:31.293189+00:00", "level": "INFO", "logger": "trading_bot", "msg": "Logging initialised | file=logs/trading_bot.log verbose=False"}
{"ts": "2026-05-01T16:23:31.393543+00:00", "level": "DEBUG", "logger": "trading_bot.client", "msg": "BinanceClient initialised \u2014 base=https://testnet.binancefuture.com"}
{"ts": "2026-05-01T16:23:37.346320+00:00", "level": "INFO", "logger": "trading_bot.client", "msg": "\u2192 GET /fapi/v1/ticker/price | params={'symbol': 'BTCUSDT'}"}
{"ts": "2026-05-01T16:23:37.586076+00:00", "level": "INFO", "logger": "trading_bot.client", "msg": "\u2190 200 {\"symbol\":\"BTCUSDT\",\"price\":\"78394.40\",\"time\":1777652612135}"}
{"ts": "2026-05-01T16:23:42.871905+00:00", "level": "INFO", "logger": "trading_bot.client", "msg": "\u2192 GET /fapi/v1/ticker/price | params={'symbol': 'BTCUSDT'}"}
{"ts": "2026-05-01T16:23:43.093737+00:00", "level": "INFO", "logger": "trading_bot.client", "msg": "\u2190 200 {\"symbol\":\"BTCUSDT\",\"price\":\"78400.90\",\"time\":1777652616833}"}
{"ts": "2026-05-01T16:24:00.607870+00:00", "level": "INFO", "logger": "trading_bot.orders", "msg": "Placing BUY STOP_MARKET order | symbol=BTCUSDT qty=0.001 price=MARKET"}
{"ts": "2026-05-01T16:24:00.608160+00:00", "level": "INFO", "logger": "trading_bot.client", "msg": "\u2192 POST /fapi/v1/order | params={'symbol': 'BTCUSDT', 'side': 'BUY', 'type': 'STOP_MARKET', 'quantity': '0.001', 'stopPrice': '76000', 'recvWindow': 5000, 'timestamp': 1777652640608, 'signature': '84a13a851fce339e6250ececd32bcf21a8a70cfbb84490a7718725330ad6bb56'}"}
{"ts": "2026-05-01T16:24:00.823661+00:00", "level": "INFO", "logger": "trading_bot.client", "msg": "\u2190 400 {\"code\":-4120,\"msg\":\"Order type not supported for this endpoint. Please use the Algo Order API endpoints instead.\"}"}
{"ts": "2026-05-01T16:24:00.823850+00:00", "level": "ERROR", "logger": "trading_bot.orders", "msg": "API error placing order: Binance API error -4120: Order type not supported for this endpoint. Please use the Algo Order API endpoints instead."}
{"ts": "2026-05-01T16:26:34.489872+00:00", "level": "INFO", "logger": "trading_bot", "msg": "Logging initialised | file=logs/trading_bot.log verbose=False"}
{"ts": "2026-05-01T16:26:34.581535+00:00", "level": "DEBUG", "logger": "trading_bot.client", "msg": "BinanceClient initialised \u2014 base=https://testnet.binancefuture.com"}
{"ts": "2026-05-01T16:26:38.890459+00:00", "level": "INFO", "logger": "trading_bot.client", "msg": "\u2192 GET /fapi/v1/ticker/price | params={'symbol': 'BTUSDT'}"}
{"ts": "2026-05-01T16:26:39.353440+00:00", "level": "INFO", "logger": "trading_bot.client", "msg": "\u2190 400 {\"code\":-1121,\"msg\":\"Invalid symbol.\"}"}
{"ts": "2026-05-01T16:26:43.130685+00:00", "level": "INFO", "logger": "trading_bot.client", "msg": "\u2192 GET /fapi/v1/ticker/price | params={'symbol': 'BTCUSDT'}"}
{"ts": "2026-05-01T16:26:43.254866+00:00", "level": "INFO", "logger": "trading_bot.client", "msg": "\u2190 200 {\"symbol\":\"BTCUSDT\",\"price\":\"78249.00\",\"time\":1777652799805}"}
{"ts": "2026-05-01T16:26:50.524193+00:00", "level": "INFO", "logger": "trading_bot.client", "msg": "\u2192 GET /fapi/v1/ticker/price | params={'symbol': 'BTCUSDT'}"}
{"ts": "2026-05-01T16:26:50.802766+00:00", "level": "INFO", "logger": "trading_bot.client", "msg": "\u2190 200 {\"symbol\":\"BTCUSDT\",\"price\":\"78249.00\",\"time\":1777652807718}"}
{"ts": "2026-05-01T16:26:58.780649+00:00", "level": "INFO", "logger": "trading_bot.orders", "msg": "Placing BUY STOP_MARKET order | symbol=BTCUSDT qty=0.001 price=MARKET"}
{"ts": "2026-05-01T16:26:58.781205+00:00", "level": "INFO", "logger": "trading_bot.client", "msg": "\u2192 POST /fapi/v1/algoOrder | params={'symbol': 'BTCUSDT', 'side': 'BUY', 'type': 'STOP_MARKET', 'quantity': '0.001', 'stopPrice': '77000', 'recvWindow': 5000, 'timestamp': 1777652818780, 'signature': '3f8bc831a9515aacad88a5cb4113113fef1c36bd027b51383383da719b5e0785'}"}
{"ts": "2026-05-01T16:26:59.004684+00:00", "level": "INFO", "logger": "trading_bot.client", "msg": "\u2190 400 {\"code\":-1102,\"msg\":\"Mandatory parameter 'algotype' was not sent, was empty/null, or malformed.\"}"}
{"ts": "2026-05-01T16:26:59.005035+00:00", "level": "ERROR", "logger": "trading_bot.orders", "msg": "API error placing order: Binance API error -1102: Mandatory parameter 'algotype' was not sent, was empty/null, or malformed."}
{"ts": "2026-05-01T16:32:13.019941+00:00", "level": "INFO", "logger": "trading_bot", "msg": "Logging initialised | file=logs/trading_bot.log verbose=False"}
{"ts": "2026-05-01T16:32:13.077675+00:00", "level": "DEBUG", "logger": "trading_bot.client", "msg": "BinanceClient initialised \u2014 base=https://testnet.binancefuture.com"}
{"ts": "2026-05-01T16:32:16.596550+00:00", "level": "INFO", "logger": "trading_bot.client", "msg": "\u2192 GET /fapi/v1/ticker/price | params={'symbol': 'BTCUSDT'}"}
{"ts": "2026-05-01T16:32:16.821885+00:00", "level": "INFO", "logger": "trading_bot.client", "msg": "\u2190 200 {\"symbol\":\"BTCUSDT\",\"price\":\"78247.60\",\"time\":1777653131951}"}
{"ts": "2026-05-01T16:32:22.923368+00:00", "level": "INFO", "logger": "trading_bot.client", "msg": "\u2192 GET /fapi/v1/ticker/price | params={'symbol': 'BTCUSDT'}"}
{"ts": "2026-05-01T16:32:23.338743+00:00", "level": "INFO", "logger": "trading_bot.client", "msg": "\u2190 200 {\"symbol\":\"BTCUSDT\",\"price\":\"78247.60\",\"time\":1777653138072}"}
{"ts": "2026-05-01T16:32:31.205512+00:00", "level": "INFO", "logger": "trading_bot.orders", "msg": "Placing BUY STOP_MARKET order | symbol=BTCUSDT qty=0.001 price=MARKET"}
{"ts": "2026-05-01T16:32:31.206090+00:00", "level": "INFO", "logger": "trading_bot.client", "msg": "\u2192 POST /fapi/v1/order | params={'symbol': 'BTCUSDT', 'side': 'BUY', 'type': 'STOP_MARKET', 'quantity': '0.001', 'stopPrice': '77000', 'priceProtect': 'FALSE', 'recvWindow': 5000, 'timestamp': 1777653151205, 'signature': '76808e3f5e18d4939c2e2817a990507b5fa236954798e19a4aacc9c801a4aca0'}"}
{"ts": "2026-05-01T16:32:31.406118+00:00", "level": "INFO", "logger": "trading_bot.client", "msg": "\u2190 400 {\"code\":-4120,\"msg\":\"Order type not supported for this endpoint. Please use the Algo Order API endpoints instead.\"}"}
{"ts": "2026-05-01T16:32:31.406260+00:00", "level": "ERROR", "logger": "trading_bot.orders", "msg": "API error placing order: Binance API error -4120: Order type not supported for this endpoint. Please use the Algo Order API endpoints instead."}
{"ts": "2026-05-01T16:45:46.826185+00:00", "level": "INFO", "logger": "trading_bot", "msg": "Logging initialised | file=logs/trading_bot.log verbose=False"}
{"ts": "2026-05-01T16:45:46.912932+00:00", "level": "DEBUG", "logger": "trading_bot.client", "msg": "BinanceClient initialised \u2014 base=https://testnet.binancefuture.com"}
{"ts": "2026-05-01T16:45:50.290259+00:00", "level": "INFO", "logger": "trading_bot.client", "msg": "\u2192 GET /fapi/v1/ticker/price | params={'symbol': 'BTCUSDT'}"}
{"ts": "2026-05-01T16:45:50.530534+00:00", "level": "INFO", "logger": "trading_bot.client", "msg": "\u2190 200 {\"symbol\":\"BTCUSDT\",\"price\":\"78243.00\",\"time\":1777653947541}"}
{"ts": "2026-05-01T16:45:57.083053+00:00", "level": "INFO", "logger": "trading_bot.client", "msg": "\u2192 GET /fapi/v1/ticker/price | params={'symbol': 'BTCUSDT'}"}
{"ts": "2026-05-01T16:45:57.321057+00:00", "level": "INFO", "logger": "trading_bot.client", "msg": "\u2190 200 {\"symbol\":\"BTCUSDT\",\"price\":\"78219.50\",\"time\":1777653953051}"}
{"ts": "2026-05-01T16:46:06.546069+00:00", "level": "INFO", "logger": "trading_bot.orders", "msg": "Placing BUY STOP_MARKET order | symbol=BTCUSDT qty=0.001 price=MARKET algo=True"}
{"ts": "2026-05-01T16:46:06.546817+00:00", "level": "INFO", "logger": "trading_bot.client", "msg": "\u2192 POST /fapi/v1/algoOrder | params={'symbol': 'BTCUSDT', 'side': 'BUY', 'orderType': 'STOP_MARKET', 'quantity': '0.001', 'workingType': 'CONTRACT_PRICE', 'priceProtect': 'FALSE', 'triggerPrice': '77000', 'recvWindow': 5000, 'timestamp': 1777653966546, 'signature': '7d0994dd34ef7722c6825169f0295d3e125ed671ce67e474a1029dfd2f8ece73'}"}
{"ts": "2026-05-01T16:46:06.851503+00:00", "level": "INFO", "logger": "trading_bot.client", "msg": "\u2190 400 {\"code\":-1102,\"msg\":\"Mandatory parameter 'algotype' was not sent, was empty/null, or malformed.\"}"}
{"ts": "2026-05-01T16:46:06.851816+00:00", "level": "ERROR", "logger": "trading_bot.orders", "msg": "API error placing order: Binance API error -1102: Mandatory parameter 'algotype' was not sent, was empty/null, or malformed."}
{"ts": "2026-05-01T16:49:39.975329+00:00", "level": "INFO", "logger": "trading_bot", "msg": "Logging initialised | file=logs/trading_bot.log verbose=False"}
{"ts": "2026-05-01T16:49:40.049927+00:00", "level": "DEBUG", "logger": "trading_bot.client", "msg": "BinanceClient initialised \u2014 base=https://testnet.binancefuture.com"}
{"ts": "2026-05-01T16:49:44.371340+00:00", "level": "INFO", "logger": "trading_bot.client", "msg": "\u2192 GET /fapi/v1/ticker/price | params={'symbol': 'BTCUSDT'}"}
{"ts": "2026-05-01T16:49:44.809173+00:00", "level": "INFO", "logger": "trading_bot.client", "msg": "\u2190 200 {\"symbol\":\"BTCUSDT\",\"price\":\"78161.00\",\"time\":1777654177545}"}
{"ts": "2026-05-01T16:49:48.478171+00:00", "level": "INFO", "logger": "trading_bot.client", "msg": "\u2192 GET /fapi/v1/ticker/price | params={'symbol': 'BTCUSDT'}"}
{"ts": "2026-05-01T16:49:48.601972+00:00", "level": "INFO", "logger": "trading_bot.client", "msg": "\u2190 200 {\"symbol\":\"BTCUSDT\",\"price\":\"78160.90\",\"time\":1777654181364}"}
{"ts": "2026-05-01T16:49:56.528844+00:00", "level": "INFO", "logger": "trading_bot.orders", "msg": "Placing BUY STOP_MARKET order | symbol=BTCUSDT qty=0.001 price=MARKET algo=True"}
{"ts": "2026-05-01T16:49:56.529267+00:00", "level": "INFO", "logger": "trading_bot.client", "msg": "\u2192 POST /fapi/v1/algoOrder | params={'symbol': 'BTCUSDT', 'side': 'BUY', 'algoType': 'STOP_MARKET', 'orderType': 'STOP_MARKET', 'quantity': '0.001', 'workingType': 'MARK_PRICE', 'priceProtect': 'FALSE', 'triggerPrice': '77000', 'recvWindow': 5000, 'timestamp': 1777654196529, 'signature': '94d525e38247a7bb3ad8e5854b87a7440c7ce24bfa8bc087addcd1cc4de34ffc'}"}
{"ts": "2026-05-01T16:49:56.744078+00:00", "level": "INFO", "logger": "trading_bot.client", "msg": "\u2190 400 {\"code\":-4500,\"msg\":\"Invalid algoType.\"}"}
{"ts": "2026-05-01T16:49:56.744259+00:00", "level": "ERROR", "logger": "trading_bot.orders", "msg": "API error placing order: Binance API error -4500: Invalid algoType."}
{"ts": "2026-05-01T16:50:41.059886+00:00", "level": "INFO", "logger": "trading_bot", "msg": "Logging initialised | file=logs/trading_bot.log verbose=False"}
{"ts": "2026-05-01T16:50:41.165992+00:00", "level": "DEBUG", "logger": "trading_bot.client", "msg": "BinanceClient initialised \u2014 base=https://testnet.binancefuture.com"}
{"ts": "2026-05-01T16:50:44.941965+00:00", "level": "INFO", "logger": "trading_bot.client", "msg": "\u2192 GET /fapi/v1/ticker/price | params={'symbol': 'BTCUSDT'}"}
{"ts": "2026-05-01T16:50:45.181569+00:00", "level": "INFO", "logger": "trading_bot.client", "msg": "\u2190 200 {\"symbol\":\"BTCUSDT\",\"price\":\"78160.90\",\"time\":1777654241663}"}
{"ts": "2026-05-01T16:50:51.954959+00:00", "level": "INFO", "logger": "trading_bot.orders", "msg": "Placing BUY STOP_MARKET order | symbol=BTCUSDT qty=0.001 price=MARKET algo=True"}
{"ts": "2026-05-01T16:50:51.955263+00:00", "level": "INFO", "logger": "trading_bot.client", "msg": "\u2192 POST /fapi/v1/algoOrder | params={'symbol': 'BTCUSDT', 'side': 'BUY', 'algoType': 'CONDITIONAL', 'orderType': 'STOP_MARKET', 'quantity': '0.001', 'workingType': 'MARK_PRICE', 'priceProtect': 'FALSE', 'triggerPrice': '77000', 'recvWindow': 5000, 'timestamp': 1777654251955, 'signature': 'f139f68480a65ec813ef3858d4351795de0dc093a35fc98260599ff5cda97a4c'}"}
{"ts": "2026-05-01T16:50:52.206203+00:00", "level": "INFO", "logger": "trading_bot.client", "msg": "\u2190 400 {\"code\":-1102,\"msg\":\"Mandatory parameter 'type' was not sent, was empty/null, or malformed.\"}"}
{"ts": "2026-05-01T16:50:52.206556+00:00", "level": "ERROR", "logger": "trading_bot.orders", "msg": "API error placing order: Binance API error -1102: Mandatory parameter 'type' was not sent, was empty/null, or malformed."}
{"ts": "2026-05-01T16:53:19.341845+00:00", "level": "INFO", "logger": "trading_bot", "msg": "Logging initialised | file=logs/trading_bot.log verbose=False"}
{"ts": "2026-05-01T16:53:19.407029+00:00", "level": "DEBUG", "logger": "trading_bot.client", "msg": "BinanceClient initialised \u2014 base=https://testnet.binancefuture.com"}
{"ts": "2026-05-01T16:53:23.216412+00:00", "level": "INFO", "logger": "trading_bot.client", "msg": "\u2192 GET /fapi/v1/ticker/price | params={'symbol': 'BTCUSDT'}"}
{"ts": "2026-05-01T16:53:23.446614+00:00", "level": "INFO", "logger": "trading_bot.client", "msg": "\u2190 200 {\"symbol\":\"BTCUSDT\",\"price\":\"78165.50\",\"time\":1777654397303}"}
{"ts": "2026-05-01T16:53:37.053444+00:00", "level": "INFO", "logger": "trading_bot.orders", "msg": "Placing BUY STOP_MARKET order | symbol=BTCUSDT qty=0.001 price=MARKET algo=True"}
{"ts": "2026-05-01T16:53:37.053717+00:00", "level": "INFO", "logger": "trading_bot.client", "msg": "\u2192 POST /fapi/v1/algoOrder | params={'symbol': 'BTCUSDT', 'side': 'BUY', 'algoType': 'CONDITIONAL', 'orderType': 'STOP_MARKET', 'quantity': '0.001', 'workingType': 'MARK_PRICE', 'reduceOnly': 'true', 'triggerPrice': '77000', 'recvWindow': 5000, 'timestamp': 1777654417053, 'signature': '55b78b63a8c95a5d7760a7b5f2ea73adb398194073710aea8bc37ea45105f311'}"}
{"ts": "2026-05-01T16:53:37.250383+00:00", "level": "INFO", "logger": "trading_bot.client", "msg": "\u2190 400 {\"code\":-1102,\"msg\":\"Mandatory parameter 'type' was not sent, was empty/null, or malformed.\"}"}
{"ts": "2026-05-01T16:53:37.250713+00:00", "level": "ERROR", "logger": "trading_bot.orders", "msg": "API error placing order: Binance API error -1102: Mandatory parameter 'type' was not sent, was empty/null, or malformed."}
{"ts": "2026-05-01T16:55:32.945881+00:00", "level": "INFO", "logger": "trading_bot", "msg": "Logging initialised | file=logs/trading_bot.log verbose=False"}
{"ts": "2026-05-01T16:55:33.012214+00:00", "level": "DEBUG", "logger": "trading_bot.client", "msg": "BinanceClient initialised \u2014 base=https://testnet.binancefuture.com"}
{"ts": "2026-05-01T16:55:36.830995+00:00", "level": "INFO", "logger": "trading_bot.client", "msg": "\u2192 GET /fapi/v1/ticker/price | params={'symbol': 'BTCUSDT'}"}
{"ts": "2026-05-01T16:55:37.252759+00:00", "level": "INFO", "logger": "trading_bot.client", "msg": "\u2190 200 {\"symbol\":\"BTCUSDT\",\"price\":\"78244.10\",\"time\":1777654531667}"}
{"ts": "2026-05-01T16:55:45.242403+00:00", "level": "INFO", "logger": "trading_bot.orders", "msg": "Placing BUY STOP_MARKET order | symbol=BTCUSDT qty=0.001 price=MARKET algo=True"}
{"ts": "2026-05-01T16:55:45.242812+00:00", "level": "INFO", "logger": "trading_bot.client", "msg": "\u2192 POST /fapi/v1/algoOrder | params={'symbol': 'BTCUSDT', 'side': 'BUY', 'algoType': 'CONDITIONAL', 'orderType': 'STOP_MARKET', 'quantity': '0.001', 'workingType': 'MARK_PRICE', 'reduceOnly': 'true', 'triggerPrice': '77000', 'recvWindow': 5000, 'timestamp': 1777654545242, 'signature': '2e354d286d2d094c643fc11195ebef7243a45ad596fed65fb761b2a3c84db1ed'}"}
{"ts": "2026-05-01T16:55:45.461621+00:00", "level": "INFO", "logger": "trading_bot.client", "msg": "\u2190 400 {\"code\":-1102,\"msg\":\"Mandatory parameter 'type' was not sent, was empty/null, or malformed.\"}"}
{"ts": "2026-05-01T16:55:45.461963+00:00", "level": "ERROR", "logger": "trading_bot.orders", "msg": "API error placing order: Binance API error -1102: Mandatory parameter 'type' was not sent, was empty/null, or malformed."}
{"ts": "2026-05-01T16:57:15.694291+00:00", "level": "INFO", "logger": "trading_bot", "msg": "Logging initialised | file=logs/trading_bot.log verbose=False"}
{"ts": "2026-05-01T16:57:15.758118+00:00", "level": "DEBUG", "logger": "trading_bot.client", "msg": "BinanceClient initialised \u2014 base=https://testnet.binancefuture.com"}
{"ts": "2026-05-01T16:57:19.086356+00:00", "level": "INFO", "logger": "trading_bot.client", "msg": "\u2192 GET /fapi/v1/ticker/price | params={'symbol': 'BTCUSDT'}"}
{"ts": "2026-05-01T16:57:19.319219+00:00", "level": "INFO", "logger": "trading_bot.client", "msg": "\u2190 200 {\"symbol\":\"BTCUSDT\",\"price\":\"78275.50\",\"time\":1777654636290}"}
{"ts": "2026-05-01T16:57:34.568480+00:00", "level": "INFO", "logger": "trading_bot.orders", "msg": "Placing BUY STOP_MARKET order | symbol=BTCUSDT qty=0.001 price=MARKET algo=True"}
{"ts": "2026-05-01T16:57:34.571918+00:00", "level": "INFO", "logger": "trading_bot.client", "msg": "\u2192 POST /fapi/v1/algoOrder | params={'symbol': 'BTCUSDT', 'side': 'BUY', 'algoType': 'CONDITIONAL', 'type': 'STOP_MARKET', 'quantity': '0.001', 'workingType': 'MARK_PRICE', 'reduceOnly': 'true', 'triggerPrice': '77000', 'recvWindow': 5000, 'timestamp': 1777654654568, 'signature': '355b101ca379067bf3c15660bc8acb2c926f3b76b410324072bf24613dcff0a0'}"}
{"ts": "2026-05-01T16:57:34.845088+00:00", "level": "INFO", "logger": "trading_bot.client", "msg": "\u2190 400 {\"code\":-2021,\"msg\":\"Order would immediately trigger.\"}"}
{"ts": "2026-05-01T16:57:34.845278+00:00", "level": "ERROR", "logger": "trading_bot.orders", "msg": "API error placing order: Binance API error -2021: Order would immediately trigger."}
{"ts": "2026-05-01T16:58:37.367974+00:00", "level": "INFO", "logger": "trading_bot.client", "msg": "\u2192 GET /fapi/v1/ticker/price | params={'symbol': 'BTCUSDT'}"}
{"ts": "2026-05-01T16:58:37.614659+00:00", "level": "INFO", "logger": "trading_bot.client", "msg": "\u2190 200 {\"symbol\":\"BTCUSDT\",\"price\":\"78236.90\",\"time\":1777654711963}"}
{"ts": "2026-05-01T16:58:47.820705+00:00", "level": "INFO", "logger": "trading_bot.orders", "msg": "Placing BUY STOP_MARKET order | symbol=BTCUSDT qty=0.001 price=MARKET algo=True"}
{"ts": "2026-05-01T16:58:47.821206+00:00", "level": "INFO", "logger": "trading_bot.client", "msg": "\u2192 POST /fapi/v1/algoOrder | params={'symbol': 'BTCUSDT', 'side': 'BUY', 'algoType': 'CONDITIONAL', 'type': 'STOP_MARKET', 'quantity': '0.001', 'workingType': 'MARK_PRICE', 'reduceOnly': 'true', 'triggerPrice': '79000', 'recvWindow': 5000, 'timestamp': 1777654727821, 'signature': '653cd53988367bde476a2d28a9e77011faff9fffbab673a1b26209e9ef3c399a'}"}
{"ts": "2026-05-01T16:58:48.091801+00:00", "level": "INFO", "logger": "trading_bot.client", "msg": "\u2190 200 {\"algoId\":1000000063206321,\"clientAlgoId\":\"wo8ZBJIP72ZHZD0aCkQXN7\",\"algoType\":\"CONDITIONAL\",\"orderType\":\"STOP_MARKET\",\"symbol\":\"BTCUSDT\",\"side\":\"BUY\",\"positionSide\":\"BOTH\",\"timeInForce\":\"GTC\",\"quantity\":\"0.0010\",\"algoStatus\":\"NEW\",\"triggerPrice\":\"79000.00\",\"price\":\"0.00\",\"icebergQuantity\":null,\"selfTradePreventionMode\":\"EXPIRE_MAKER\",\"workingType\":\"MARK_PRICE\",\"priceMatch\":\"NONE\",\"closePosition\":f"}
{"ts": "2026-05-01T16:58:48.092083+00:00", "level": "INFO", "logger": "trading_bot.orders", "msg": "Order placed | id=1000000063206321 status=NEW executedQty=None"}
{"ts": "2026-05-01T17:00:15.422871+00:00", "level": "INFO", "logger": "trading_bot.client", "msg": "\u2192 GET /fapi/v1/ticker/price | params={'symbol': 'BTCUSDT'}"}
{"ts": "2026-05-01T17:00:15.673209+00:00", "level": "INFO", "logger": "trading_bot.client", "msg": "\u2190 200 {\"symbol\":\"BTCUSDT\",\"price\":\"78192.10\",\"time\":1777654810305}"}
{"ts": "2026-05-01T17:00:34.133983+00:00", "level": "INFO", "logger": "trading_bot.orders", "msg": "Placing SELL LIMIT order | symbol=BTCUSDT qty=0.001 price=80000 algo=False"}
{"ts": "2026-05-01T17:00:34.134423+00:00", "level": "INFO", "logger": "trading_bot.client", "msg": "\u2192 POST /fapi/v1/order | params={'symbol': 'BTCUSDT', 'side': 'SELL', 'type': 'LIMIT', 'quantity': '0.001', 'price': '80000', 'timeInForce': 'GTC', 'recvWindow': 5000, 'timestamp': 1777654834134, 'signature': 'afb831a81047ce79661146214c7b00a884e7e6f11b31d761b191b8e33cc26a18'}"}
{"ts": "2026-05-01T17:00:34.347429+00:00", "level": "INFO", "logger": "trading_bot.client", "msg": "\u2190 200 {\"orderId\":13097090116,\"symbol\":\"BTCUSDT\",\"status\":\"NEW\",\"clientOrderId\":\"xK9fm17UBvsBjAoyihowjk\",\"price\":\"80000.00\",\"avgPrice\":\"0.00\",\"origQty\":\"0.0010\",\"executedQty\":\"0.0000\",\"cumQty\":\"0.0000\",\"cumQuote\":\"0.000000\",\"timeInForce\":\"GTC\",\"type\":\"LIMIT\",\"reduceOnly\":false,\"closePosition\":false,\"side\":\"SELL\",\"positionSide\":\"BOTH\",\"stopPrice\":\"0.00\",\"workingType\":\"CONTRACT_PRICE\",\"priceProtect\":false,"}
{"ts": "2026-05-01T17:00:34.347945+00:00", "level": "INFO", "logger": "trading_bot.orders", "msg": "Order placed | id=13097090116 status=NEW executedQty=0.0000"}
{"ts": "2026-05-01T17:16:27.276868+00:00", "level": "INFO", "logger": "trading_bot", "msg": "Logging initialised | file=logs/trading_bot.log verbose=False"}
{"ts": "2026-05-01T17:16:27.349006+00:00", "level": "DEBUG", "logger": "trading_bot.client", "msg": "BinanceClient initialised \u2014 base=https://testnet.binancefuture.com"}
